<?xml version="1.0" encoding="UTF-8"?>
<!-- Generated by org.testng.reporters.JUnitReportReporter -->
<testsuite hostname="Dinesh" failures="0" tests="1" name="org.myproject.test.TC01Login" time="12.172" errors="0" timestamp="2024-12-07T20:46:51 IST" skipped="0">
  <testcase classname="org.myproject.test.TC01Login" name="loginTest" time="12.172"/>
  <system-out/>
</testsuite> <!-- org.myproject.test.TC01Login -->
